<?xml version="1.0" encoding="utf-8"?><testsuites name="pytest tests"><testsuite name="pytest" errors="0" failures="0" skipped="0" tests="15" time="2.538" timestamp="2026-06-06T15:38:05.146118+00:00" hostname="agent-env-e5238ab7-bbbc-47f0-947f-001d5f0fb3bc"><testcase classname="test_push_notifications.TestRegisterPush" name="test_register_push_missing_user_id_returns_400" time="0.230" /><testcase classname="test_push_notifications.TestRegisterPush" name="test_register_push_missing_device_token_returns_400" time="0.044" /><testcase classname="test_push_notifications.TestRegisterPush" name="test_register_push_invalid_platform_returns_400" time="0.056" /><testcase classname="test_push_notifications.TestRegisterPush" name="test_register_push_pydantic_missing_fields_returns_422" time="0.047" /><testcase classname="test_push_notifications.TestRegisterPush" name="test_register_push_with_placeholder_key_surfaces_500" time="0.107" /><testcase classname="test_push_notifications.TestSendPushInternal" name="test_missing_header_returns_401" time="0.045" /><testcase classname="test_push_notifications.TestSendPushInternal" name="test_wrong_header_returns_401" time="0.048" /><testcase classname="test_push_notifications.TestSendPushInternal" name="test_correct_header_returns_202" time="0.054" /><testcase classname="test_push_notifications.TestSendPushInternal" name="test_correct_header_validation_missing_title_returns_422" time="0.046" /><testcase classname="test_push_notifications.TestSelfTestPush" name="test_self_test_push_accepts_with_user_id" time="0.053" /><testcase classname="test_push_notifications.TestSelfTestPush" name="test_self_test_push_missing_user_id_returns_400" time="0.045" /><testcase classname="test_push_notifications.TestSendPushHelper" name="test_send_push_too_many_recipients_raises_valueerror" time="1.729" /><testcase classname="test_push_notifications.TestSendPushHelper" name="test_send_push_missing_title_raises_valueerror" time="0.001" /><testcase classname="test_push_notifications.TestSendPushHelper" name="test_send_push_missing_message_raises_valueerror" time="0.001" /><testcase classname="test_push_notifications.TestSendPushHelper" name="test_send_push_empty_recipients_returns_silently" time="0.001" /></testsuite></testsuites>