<?xml version="1.0" encoding="utf-8"?><testsuites name="pytest tests"><testsuite name="pytest" errors="0" failures="0" skipped="0" tests="4" time="2.079" timestamp="2026-05-17T21:21:11.651795+00:00" hostname="agent-env-b86e33fc-f2f1-4ff4-bdee-181fcd8fd07a"><testcase classname="backend.tests.test_core_api" name="test_api_root_ok" time="0.263" /><testcase classname="backend.tests.test_core_api" name="test_translate_required_fields_passthrough" time="0.043" /><testcase classname="backend.tests.test_core_api" name="test_translate_success_structure" time="1.659" /><testcase classname="backend.tests.test_core_api" name="test_status_create_and_persisted_get" time="0.100" /></testsuite></testsuites>